Rasa process starting
Restoring parameters from data/restaurante/models/restaurante/model_20190510-204056/intent_classifier_tensorflow_embedding.ckpt
Available web server routes: 
hello                                              HEAD, GET, OPTIONS             /
list_trackers                                      HEAD, GET, OPTIONS             /conversations
execute_action                                     POST, OPTIONS                  /conversations/[sender_id]/execute
log_message                                        POST, OPTIONS                  /conversations/[sender_id]/messages
predict                                            POST, OPTIONS                  /conversations/[sender_id]/predict
respond                                            HEAD, POST, GET, OPTIONS       /conversations/[sender_id]/respond
retrieve_story                                     HEAD, GET, OPTIONS             /conversations/[sender_id]/story
retrieve_tracker                                   HEAD, GET, OPTIONS             /conversations/[sender_id]/tracker
replace_events                                     PUT, OPTIONS                   /conversations/[sender_id]/tracker/events
get_domain                                         HEAD, GET, OPTIONS             /domain
evaluate_stories                                   POST, OPTIONS                  /evaluate
continue_training                                  POST, OPTIONS                  /finetune
load_model                                         POST, OPTIONS                  /model
tracker_predict                                    POST, OPTIONS                  /predict
static                                             HEAD, GET, OPTIONS             /static/[filename]
status                                             HEAD, GET, OPTIONS             /status
version                                            HEAD, GET, OPTIONS             /version
custom_webhook_CmdlineInput.health                 HEAD, GET, OPTIONS             /webhooks/rest/
custom_webhook_CmdlineInput.receive                POST, OPTIONS                  /webhooks/rest/webhook
Rasa Core server is up and running on http://localhost:5005
Creating a new tracker for id 'default'.
Received user message 'Hola' with intent '{'name': 'greet', 'confidence': 0.978219747543335}' and entities '[]'
Logged UserUtterance - tracker now has 2 events
Current slot values: 
	cocina: None
	feedback: None
	nro_personas: None
	patio_comidas: None
	preferencias: None
	requested_slot: None
Current tracker state [None, None, None, None, {}, {'intent_greet': 1.0, 'prev_action_listen': 1.0}]
There is a memorised next action '12'
There is no active form
Predicted next action using policy_1_AugmentedMemoizationPolicy
Predicted next action 'utter_greet' with prob 1.00.
Action 'utter_greet' ended with events '[]'
Bot utterance 'BotUttered(text: ¡Hola! Soy asistente de búsqueda de restaurantes! ¿Cómo puedo ayudar?, data: {
  "elements": null,
  "buttons": null,
  "attachment": null
})'
Current tracker state [None, None, None, {}, {'intent_greet': 1.0, 'prev_action_listen': 1.0}, {'prev_utter_greet': 1.0, 'intent_greet': 1.0}]
There is a memorised next action '0'
There is no active form
Predicted next action using policy_1_AugmentedMemoizationPolicy
Predicted next action 'action_listen' with prob 1.00.
Action 'action_listen' ended with events '[]'
Recreating tracker for id 'default'
Received user message 'chau' with intent '{'name': 'affirm', 'confidence': 0.6886470913887024}' and entities '[]'
Logged UserUtterance - tracker now has 6 events
Current slot values: 
	cocina: None
	feedback: None
	nro_personas: None
	patio_comidas: None
	preferencias: None
	requested_slot: None
Current tracker state [None, None, {}, {'intent_greet': 1.0, 'prev_action_listen': 1.0}, {'prev_utter_greet': 1.0, 'intent_greet': 1.0}, {'intent_affirm': 1.0, 'prev_action_listen': 1.0}]
Launch DeLorean...
Current tracker state [None, None, None, None, {}, {'intent_affirm': 1.0, 'prev_action_listen': 1.0}]
There is no memorised next action
User 'default' has to affirm intent 'affirm'.
There is no active form
Predicted next action using policy_2_TwoStageFallbackPolicy
Predicted next action 'action_default_ask_affirmation' with prob 1.00.
Action 'action_default_ask_affirmation' ended with events '[]'
Bot utterance 'BotUttered(text: Did you mean 'affirm'?, data: {
  "buttons": [
    {
      "title": "Yes",
      "payload": "/affirm"
    },
    {
      "title": "No",
      "payload": "/out_of_scope"
    }
  ]
})'
Current tracker state [None, {}, {'intent_greet': 1.0, 'prev_action_listen': 1.0}, {'prev_utter_greet': 1.0, 'intent_greet': 1.0}, {'intent_affirm': 1.0, 'prev_action_listen': 1.0}, {'intent_affirm': 1.0, 'prev_action_default_ask_affirmation': 1.0}]
Launch DeLorean...
Current tracker state [None, None, None, None, {}, {'prev_action_default_ask_affirmation': 1.0}]
There is no memorised next action
There is no active form
Predicted next action using policy_2_TwoStageFallbackPolicy
Predicted next action 'action_listen' with prob 1.00.
Action 'action_listen' ended with events '[]'
Recreating tracker for id 'default'
Received user message 'stop' with intent '{'name': None, 'confidence': 0.0}' and entities '[]'
Logged UserUtterance - tracker now has 10 events
Current slot values: 
	cocina: None
	feedback: None
	nro_personas: None
	patio_comidas: None
	preferencias: None
	requested_slot: None
Current tracker state [{}, {'intent_greet': 1.0, 'prev_action_listen': 1.0}, {'prev_utter_greet': 1.0, 'intent_greet': 1.0}, {'intent_affirm': 1.0, 'prev_action_listen': 1.0}, {'intent_affirm': 1.0, 'prev_action_default_ask_affirmation': 1.0}, {'prev_action_listen': 1.0}]
Launch DeLorean...
Current tracker state [None, None, None, None, {}, {'prev_action_listen': 1.0}]
There is no memorised next action
There is no active form
Predicted next action using policy_2_TwoStageFallbackPolicy
Predicted next action 'action_default_fallback' with prob 1.00.
Action 'action_default_fallback' ended with events '['UserUtteranceReverted()']'
Bot utterance 'BotUttered(text: lo siento, no te entendí, por favor intenta ingresar algo más, data: {
  "elements": null,
  "buttons": null,
  "attachment": null
})'
Current tracker state [None, {}, {'intent_greet': 1.0, 'prev_action_listen': 1.0}, {'prev_utter_greet': 1.0, 'intent_greet': 1.0}, {'intent_affirm': 1.0, 'prev_action_listen': 1.0}, {'intent_affirm': 1.0, 'prev_action_default_ask_affirmation': 1.0}]
Launch DeLorean...
Current tracker state [None, None, None, None, {}, {'prev_action_default_ask_affirmation': 1.0}]
There is no memorised next action
There is no active form
Predicted next action using policy_2_TwoStageFallbackPolicy
Predicted next action 'action_listen' with prob 1.00.
Action 'action_listen' ended with events '[]'
